<?xml version="1.0" encoding="UTF-8"?>
<!-- Generated by org.testng.reporters.JUnitXMLReporter -->
<testsuite ignored="3" hostname="DESKTOP-T7M76G4" failures="0" tests="1" name="Default test" time="10.73" errors="0" timestamp="2025-09-21T16:20:12 EET">
  <testcase classname="SecondWebsite.Tests" name="AddItemToThecart" time="8.601"/>
  <testcase classname="SecondWebsite.Tests" name="LogInTest" time="0.0">
    <ignored/>
  </testcase> <!-- LogInTest -->
  <testcase classname="SecondWebsite.Tests" name="LogOutTest" time="0.0">
    <ignored/>
  </testcase> <!-- LogOutTest -->
  <testcase classname="SecondWebsite.Tests" name="SignUp" time="0.0">
    <ignored/>
  </testcase> <!-- SignUp -->
</testsuite> <!-- Default test -->
