<?xml version="1.0" encoding="UTF-8"?>
<testng-results ignored="3" total="4" passed="1" failed="0" skipped="0">
  <reporter-output>
  </reporter-output>
  <suite started-at="2025-09-21T16:20:01 EET" name="Default suite" finished-at="2025-09-21T16:20:12 EET" duration-ms="10730">
    <groups>
    </groups>
    <test started-at="2025-09-21T16:20:01 EET" name="Default test" finished-at="2025-09-21T16:20:12 EET" duration-ms="10730">
      <class name="SecondWebsite.Tests">
        <test-method is-config="true" signature="SetUp()[pri:0, instance:SecondWebsite.Tests@44040454]" started-at="2025-09-21T16:20:01 EET" name="SetUp" finished-at="2025-09-21T16:20:03 EET" duration-ms="2096" status="PASS">
          <reporter-output>
          </reporter-output>
        </test-method> <!-- SetUp -->
        <test-method signature="AddItemToThecart()[pri:4, instance:SecondWebsite.Tests@44040454]" started-at="2025-09-21T16:20:03 EET" name="AddItemToThecart" finished-at="2025-09-21T16:20:12 EET" duration-ms="8601" status="PASS">
          <reporter-output>
          </reporter-output>
        </test-method> <!-- AddItemToThecart -->
        <test-method is-config="true" signature="AfterTest()[pri:0, instance:SecondWebsite.Tests@44040454]" started-at="2025-09-21T16:20:12 EET" name="AfterTest" finished-at="2025-09-21T16:20:12 EET" duration-ms="0" status="PASS">
          <reporter-output>
          </reporter-output>
        </test-method> <!-- AfterTest -->
      </class> <!-- SecondWebsite.Tests -->
    </test> <!-- Default test -->
  </suite> <!-- Default suite -->
</testng-results>
